[debug] [2024-05-31T19:58:07.217Z] ----------------------------------------------------------------------
[debug] [2024-05-31T19:58:07.219Z] Command:       C:\Program Files\nodejs\node.exe C:\Users\User\AppData\Roaming\npm\node_modules\firebase-tools\lib\bin\firebase.js init
[debug] [2024-05-31T19:58:07.219Z] CLI Version:   13.10.2
[debug] [2024-05-31T19:58:07.219Z] Platform:      win32
[debug] [2024-05-31T19:58:07.220Z] Node Version:  v20.11.1
[debug] [2024-05-31T19:58:07.220Z] Time:          Sat Jun 01 2024 03:58:07 GMT+0800 (Malaysia Time)
[debug] [2024-05-31T19:58:07.220Z] ----------------------------------------------------------------------
[debug] 
[debug] [2024-05-31T19:58:07.222Z] >>> [apiv2][query] GET https://firebase-public.firebaseio.com/cli.json [none]
[debug] [2024-05-31T19:58:07.268Z] > command requires scopes: ["email","openid","https://www.googleapis.com/auth/cloudplatformprojects.readonly","https://www.googleapis.com/auth/firebase","https://www.googleapis.com/auth/cloud-platform"]
[debug] [2024-05-31T19:58:07.268Z] > authorizing via signed-in user (ajiemmmmmmm@gmail.com)
[info] 
     ######## #### ########  ######## ########     ###     ######  ########
     ##        ##  ##     ## ##       ##     ##  ##   ##  ##       ##
     ######    ##  ########  ######   ########  #########  ######  ######
     ##        ##  ##    ##  ##       ##     ## ##     ##       ## ##
     ##       #### ##     ## ######## ########  ##     ##  ######  ########

You're about to initialize a Firebase project in this directory:

  C:\Users\User\Desktop\PhishSecure

[debug] [2024-05-31T19:58:07.785Z] <<< [apiv2][status] GET https://firebase-public.firebaseio.com/cli.json 200
[debug] [2024-05-31T19:58:07.785Z] <<< [apiv2][body] GET https://firebase-public.firebaseio.com/cli.json {"cloudBuildErrorAfter":1594252800000,"cloudBuildWarnAfter":1590019200000,"defaultNode10After":1594252800000,"minVersion":"3.0.5","node8DeploysDisabledAfter":1613390400000,"node8RuntimeDisabledAfter":1615809600000,"node8WarnAfter":1600128000000}
[info] 
=== Project Setup
[info] 
[info] First, let's associate this project directory with a Firebase project.
[info] You can create multiple project aliases by running firebase use --add, 
[info] but for now we'll just set up a default project.
[info] 
[debug] [2024-05-31T20:03:37.046Z] > refreshing access token with scopes: []
[debug] [2024-05-31T20:03:37.047Z] >>> [apiv2][query] POST https://www.googleapis.com/oauth2/v3/token [none]
[debug] [2024-05-31T20:03:37.047Z] >>> [apiv2][body] POST https://www.googleapis.com/oauth2/v3/token [omitted]
[debug] [2024-05-31T20:03:37.159Z] <<< [apiv2][status] POST https://www.googleapis.com/oauth2/v3/token 200
[debug] [2024-05-31T20:03:37.160Z] <<< [apiv2][body] POST https://www.googleapis.com/oauth2/v3/token [omitted]
[debug] [2024-05-31T20:03:37.176Z] >>> [apiv2][query] GET https://firebase.googleapis.com/v1beta1/projects pageSize=100
[debug] [2024-05-31T20:03:37.741Z] <<< [apiv2][status] GET https://firebase.googleapis.com/v1beta1/projects 200
[debug] [2024-05-31T20:03:37.741Z] <<< [apiv2][body] GET https://firebase.googleapis.com/v1beta1/projects [omitted]
[info] i  Using project phish-38fef (PhishSecure) 
[info] 
=== Hosting Setup
[debug] [2024-05-31T20:03:49.007Z] >>> [apiv2][query] GET https://firebase.googleapis.com/v1beta1/projects/phish-38fef [none]
[debug] [2024-05-31T20:03:49.591Z] <<< [apiv2][status] GET https://firebase.googleapis.com/v1beta1/projects/phish-38fef 200
[debug] [2024-05-31T20:03:49.591Z] <<< [apiv2][body] GET https://firebase.googleapis.com/v1beta1/projects/phish-38fef {"projectId":"phish-38fef","projectNumber":"206566350425","displayName":"PhishSecure","name":"projects/phish-38fef","resources":{"hostingSite":"phish-38fef","realtimeDatabaseInstance":"phish-38fef-default-rtdb"},"state":"ACTIVE","etag":"1_394f9379-1f44-45db-b794-b073597c1e6d"}
[info] 
[info] Your public directory is the folder (relative to your project directory) that
[info] will contain Hosting assets to be uploaded with firebase deploy. If you
[info] have a build process for your assets, use your build's output directory.
[info] 
